This is pdfTeX, Version 3.1415926-1.40.10 (TeX Live 2009/Debian) (format=pdflatex 2012.5.11)  16 OCT 2012 11:20
entering extended mode
 %&-line parsing enabled.
**paper
(./paper.tex
LaTeX2e <2009/09/24>
Babel <v3.8l> and hyphenation patterns for english, usenglishmax, dumylang, noh
yphenation, loaded.
(./llncs.cls
Document Class: llncs 2004/08/17 v2.14 
 LaTeX document class for Lecture Notes in Computer Science
(/usr/share/texmf-texlive/tex/latex/base/article.cls
Document Class: article 2007/10/19 v1.4h Standard LaTeX document class
(/usr/share/texmf-texlive/tex/latex/base/size10.clo
File: size10.clo 2007/10/19 v1.4h Standard LaTeX file (size option)
)
\c@part=\count79
\c@section=\count80
\c@subsection=\count81
\c@subsubsection=\count82
\c@paragraph=\count83
\c@subparagraph=\count84
\c@figure=\count85
\c@table=\count86
\abovecaptionskip=\skip41
\belowcaptionskip=\skip42
\bibindent=\dimen102
)
(/usr/share/texmf-texlive/tex/latex/tools/multicol.sty
Package: multicol 2008/12/05 v1.6h multicolumn formatting (FMi)
\c@tracingmulticols=\count87
\mult@box=\box26
\multicol@leftmargin=\dimen103
\c@unbalance=\count88
\c@collectmore=\count89
\doublecol@number=\count90
\multicoltolerance=\count91
\multicolpretolerance=\count92
\full@width=\dimen104
\page@free=\dimen105
\premulticols=\dimen106
\postmulticols=\dimen107
\multicolsep=\skip43
\multicolbaselineskip=\skip44
\partial@page=\box27
\last@line=\box28
\mult@rightbox=\box29
\mult@grightbox=\box30
\mult@gfirstbox=\box31
\mult@firstbox=\box32
\@tempa=\box33
\@tempa=\box34
\@tempa=\box35
\@tempa=\box36
\@tempa=\box37
\@tempa=\box38
\@tempa=\box39
\@tempa=\box40
\@tempa=\box41
\@tempa=\box42
\@tempa=\box43
\@tempa=\box44
\@tempa=\box45
\@tempa=\box46
\@tempa=\box47
\@tempa=\box48
\@tempa=\box49
\c@columnbadness=\count93
\c@finalcolumnbadness=\count94
\last@try=\dimen108
\multicolovershoot=\dimen109
\multicolundershoot=\dimen110
\mult@nat@firstbox=\box50
\colbreak@box=\box51
)
\c@chapter=\count95
LaTeX Font Info:    Redeclaring math symbol \Gamma on input line 360.
LaTeX Font Info:    Redeclaring math symbol \Delta on input line 361.
LaTeX Font Info:    Redeclaring math symbol \Theta on input line 362.
LaTeX Font Info:    Redeclaring math symbol \Lambda on input line 363.
LaTeX Font Info:    Redeclaring math symbol \Xi on input line 364.
LaTeX Font Info:    Redeclaring math symbol \Pi on input line 365.
LaTeX Font Info:    Redeclaring math symbol \Sigma on input line 366.
LaTeX Font Info:    Redeclaring math symbol \Upsilon on input line 367.
LaTeX Font Info:    Redeclaring math symbol \Phi on input line 368.
LaTeX Font Info:    Redeclaring math symbol \Psi on input line 369.
LaTeX Font Info:    Redeclaring math symbol \Omega on input line 370.
\tocchpnum=\dimen111
\tocsecnum=\dimen112
\tocsectotal=\dimen113
\tocsubsecnum=\dimen114
\tocsubsectotal=\dimen115
\tocsubsubsecnum=\dimen116
\tocsubsubsectotal=\dimen117
\tocparanum=\dimen118
\tocparatotal=\dimen119
\tocsubparanum=\dimen120
\@tempcntc=\count96
\fnindent=\dimen121
\c@@inst=\count97
\c@@auth=\count98
\c@auco=\count99
\instindent=\dimen122
\authrun=\box52
\authorrunning=\toks14
\tocauthor=\toks15
\titrun=\box53
\titlerunning=\toks16
\toctitle=\toks17
\c@theorem=\count100
\c@case=\count101
\c@conjecture=\count102
\c@corollary=\count103
\c@definition=\count104
\c@example=\count105
\c@exercise=\count106
\c@lemma=\count107
\c@note=\count108
\c@problem=\count109
\c@property=\count110
\c@proposition=\count111
\c@question=\count112
\c@solution=\count113
\c@remark=\count114
\headlineindent=\dimen123
)
(/usr/share/texmf-texlive/tex/latex/graphics/graphicx.sty
Package: graphicx 1999/02/16 v1.0f Enhanced LaTeX Graphics (DPC,SPQR)

(/usr/share/texmf-texlive/tex/latex/graphics/keyval.sty
Package: keyval 1999/03/16 v1.13 key=value parser (DPC)
\KV@toks@=\toks18
)
(/usr/share/texmf-texlive/tex/latex/graphics/graphics.sty
Package: graphics 2009/02/05 v1.0o Standard LaTeX Graphics (DPC,SPQR)

(/usr/share/texmf-texlive/tex/latex/graphics/trig.sty
Package: trig 1999/03/16 v1.09 sin cos tan (DPC)
)
(/etc/texmf/tex/latex/config/graphics.cfg
File: graphics.cfg 2009/08/28 v1.8 graphics configuration of TeX Live
)
Package graphics Info: Driver file: pdftex.def on input line 91.

(/usr/share/texmf-texlive/tex/latex/pdftex-def/pdftex.def
File: pdftex.def 2010/03/12 v0.04p Graphics/color for pdfTeX
\Gread@gobject=\count115
))
\Gin@req@height=\dimen124
\Gin@req@width=\dimen125
) (./shortcuts.sty)
(/usr/share/texmf-texlive/tex/latex/tools/xspace.sty
Package: xspace 2006/05/08 v1.12 Space after command names (DPC,MH)
) (./code.sty
Package: code 

(/usr/share/texmf-texlive/tex/latex/graphics/color.sty
Package: color 2005/11/14 v1.0j Standard LaTeX Color (DPC)

(/etc/texmf/tex/latex/config/color.cfg
File: color.cfg 2007/01/18 v1.5 color configuration of teTeX/TeXLive
)
Package color Info: Driver file: pdftex.def on input line 130.
))
(/usr/share/texmf-texlive/tex/latex/cite/cite.sty
LaTeX Info: Redefining \cite on input line 285.
LaTeX Info: Redefining \nocite on input line 356.
Package: cite 2009/08/29  v 5.2
)
(/usr/share/texmf-texlive/tex/latex/ltxmisc/url.sty
\Urlmuskip=\muskip10
Package: url 2006/04/12  ver 3.3  Verb mode for urls, etc.
)
(/usr/share/texmf-texlive/tex/latex/listings/listings.sty
\lst@mode=\count116
\lst@gtempboxa=\box54
\lst@token=\toks19
\lst@length=\count117
\lst@currlwidth=\dimen126
\lst@column=\count118
\lst@pos=\count119
\lst@lostspace=\dimen127
\lst@width=\dimen128
\lst@newlines=\count120
\lst@lineno=\count121
\lst@maxwidth=\dimen129

(/usr/share/texmf-texlive/tex/latex/listings/lstmisc.sty
File: lstmisc.sty 2007/02/22 1.4 (Carsten Heinz)
\c@lstnumber=\count122
\lst@skipnumbers=\count123
\lst@framebox=\box55
)
(/usr/share/texmf-texlive/tex/latex/listings/listings.cfg
File: listings.cfg 2007/02/22 1.4 listings configuration
))
Package: listings 2007/02/22 1.4 (Carsten Heinz)

(/usr/share/texmf-texlive/tex/latex/ltxmisc/boxedminipage.sty)
(/usr/share/texmf-texlive/tex/latex/psnfss/times.sty
Package: times 2005/04/12 PSNFSS-v9.2a (SPQR) 
)
(/usr/share/texmf-texlive/tex/latex/multirow/multirow.sty
\bigstrutjot=\dimen130
)
(/usr/share/texmf-texlive/tex/latex/algorithms/algorithmic.sty
Package: algorithmic 2009/08/24 v0.1 Document Style `algorithmic'

(/usr/share/texmf-texlive/tex/latex/base/ifthen.sty
Package: ifthen 2001/05/26 v1.1c Standard LaTeX ifthen package (DPC)
)
\c@ALC@unique=\count124
\c@ALC@line=\count125
\c@ALC@rem=\count126
\c@ALC@depth=\count127
\ALC@tlm=\skip45
\algorithmicindent=\skip46
)
(/usr/share/texmf-texlive/tex/latex/algorithms/algorithm.sty
Package: algorithm 2009/08/24 v0.1 Document Style `algorithm' - floating enviro
nment

(/usr/share/texmf-texlive/tex/latex/float/float.sty
Package: float 2001/11/08 v1.3d Float enhancements (AL)
\c@float@type=\count128
\float@exts=\toks20
\float@box=\box56
\@float@everytoks=\toks21
\@floatcapt=\box57
)
\@float@every@algorithm=\toks22
\c@algorithm=\count129
)
(/usr/share/texmf-texlive/tex/latex/geometry/geometry.sty
Package: geometry 2008/12/21 v4.2 Page Geometry

(/usr/share/texmf-texlive/tex/generic/oberdiek/ifpdf.sty
Package: ifpdf 2009/04/10 v2.0 Provides the ifpdf switch (HO)
Package ifpdf Info: pdfTeX in pdf mode detected.
)
(/usr/share/texmf-texlive/tex/generic/oberdiek/ifvtex.sty
Package: ifvtex 2008/11/04 v1.4 Switches for detecting VTeX and its modes (HO)
Package ifvtex Info: VTeX not detected.
)
\Gm@cnth=\count130
\Gm@cntv=\count131
\c@Gm@tempcnt=\count132
\Gm@bindingoffset=\dimen131
\Gm@wd@mp=\dimen132
\Gm@odd@mp=\dimen133
\Gm@even@mp=\dimen134
\Gm@dimlist=\toks23
) (./paper.aux)
\openout1 = `paper.aux'.

LaTeX Font Info:    Checking defaults for OML/cmm/m/it on input line 19.
LaTeX Font Info:    ... okay on input line 19.
LaTeX Font Info:    Checking defaults for T1/cmr/m/n on input line 19.
LaTeX Font Info:    ... okay on input line 19.
LaTeX Font Info:    Checking defaults for OT1/cmr/m/n on input line 19.
LaTeX Font Info:    ... okay on input line 19.
LaTeX Font Info:    Checking defaults for OMS/cmsy/m/n on input line 19.
LaTeX Font Info:    ... okay on input line 19.
LaTeX Font Info:    Checking defaults for OMX/cmex/m/n on input line 19.
LaTeX Font Info:    ... okay on input line 19.
LaTeX Font Info:    Checking defaults for U/cmr/m/n on input line 19.
LaTeX Font Info:    ... okay on input line 19.
LaTeX Font Info:    Try loading font information for OT1+ptm on input line 19.

(/usr/share/texmf-texlive/tex/latex/psnfss/ot1ptm.fd
File: ot1ptm.fd 2001/06/04 font definitions for OT1/ptm.
)
(/usr/share/texmf-texlive/tex/context/base/supp-pdf.mkii
[Loading MPS to PDF converter (version 2006.09.02).]
\scratchcounter=\count133
\scratchdimen=\dimen135
\scratchbox=\box58
\nofMPsegments=\count134
\nofMParguments=\count135
\everyMPshowfont=\toks24
\MPscratchCnt=\count136
\MPscratchDim=\dimen136
\MPnumerator=\count137
\everyMPtoPDFconversion=\toks25
)
\c@lstlisting=\count138

*geometry auto-detecting driver*
*geometry detected driver: pdftex*
-------------------- Geometry parameters
paper: class default
landscape: --
twocolumn: --
twoside: true
asymmetric: --
h-parts: 72.27pt, 469.75499pt, 72.27pt
v-parts: 72.26999pt, 650.43pt, 72.27pt
hmarginratio: 1:1
vmarginratio: 1:1
lines: --
heightrounded: --
bindingoffset: 0.0pt
truedimen: --
includehead: --
includefoot: --
includemp: --
driver: pdftex
-------------------- Page layout dimensions and switches
\paperwidth  614.295pt
\paperheight 794.96999pt
\textwidth  469.75499pt
\textheight 650.43pt
\oddsidemargin  0.00002pt
\evensidemargin 0.00002pt
\topmargin  -28.0pt
\headheight 12.0pt
\headsep    16.0pt
\footskip   30.0pt
\marginparwidth 90.0pt
\marginparsep   11.0pt
\columnsep  10.0pt
\skip\footins  9.0pt plus 4.0pt minus 2.0pt
\hoffset 0.0pt
\voffset 0.0pt
\mag 1000
\@twosidetrue \@mparswitchtrue 
(1in=72.27pt, 1cm=28.45pt)
-----------------------
LaTeX Font Info:    Font shape `OT1/ptm/bx/n' in size <14.4> not available
(Font)              Font shape `OT1/ptm/b/n' tried instead on input line 27.
LaTeX Font Info:    External font `cmex10' loaded for size
(Font)              <7> on input line 27.
LaTeX Font Info:    External font `cmex10' loaded for size
(Font)              <5> on input line 27.
LaTeX Font Info:    Try loading font information for OT1+pcr on input line 27.
(/usr/share/texmf-texlive/tex/latex/psnfss/ot1pcr.fd
File: ot1pcr.fd 2001/06/04 font definitions for OT1/pcr.
)
LaTeX Font Info:    External font `cmex10' loaded for size
(Font)              <9> on input line 27.
LaTeX Font Info:    External font `cmex10' loaded for size
(Font)              <6> on input line 27.
 (./abstract.tex
LaTeX Font Info:    Font shape `OT1/ptm/bx/n' in size <9> not available
(Font)              Font shape `OT1/ptm/b/n' tried instead on input line 1.
)
LaTeX Font Info:    Font shape `OT1/ptm/bx/n' in size <10> not available
(Font)              Font shape `OT1/ptm/b/n' tried instead on input line 31.

(./intro.tex
LaTeX Font Info:    Font shape `OT1/ptm/bx/n' in size <12> not available
(Font)              Font shape `OT1/ptm/b/n' tried instead on input line 1.
Missing character: There is no â in font ptmr7t!
Missing character: There is no € in font ptmr7t!
Missing character: There is no ™ in font ptmr7t!
 [1

{/var/lib/texmf/fonts/map/pdftex/updmap/pdftex.map}])
(./background.tex <xss-example.pdf, id=9, 325.215pt x 289.08pt>
File: xss-example.pdf Graphic file (type pdf)

<use xss-example.pdf> [2 <./xss-example.pdf>]
LaTeX Font Info:    Try loading font information for OML+pcr on input line 100.


(/usr/share/texmf-texlive/tex/latex/psnfss/omlpcr.fd
File: omlpcr.fd 
)
LaTeX Font Info:    Font shape `OML/pcr/m/n' in size <9> not available
(Font)              Font shape `OML/cmm/m/it' tried instead on input line 100.

Overfull \hbox (6.79999pt too wide) in paragraph at lines 100--101
 [] 
 []

<overlayExa.pdf, id=23, 357.335pt x 180.675pt>
File: overlayExa.pdf Graphic file (type pdf)
 <use overlayExa.pdf>
Overfull \hbox (39.82237pt too wide) in paragraph at lines 118--131
 \OT1/ptm/b/n/10 An Ex-am-ple of Click-jack-ing.[] \OT1/ptm/m/n/10 Fig-ure 2[] 
shows an ex-am-ple of a Click-jack-ing at-tack. The front page of \OT1/pcr/m/n/
10 http://example.com
 []

) (./design.tex <userCSP_Arch.pdf, id=25, 157.58875pt x 119.44624pt>
File: userCSP_Arch.pdf Graphic file (type pdf)

<use userCSP_Arch.pdf> [3]
Missing character: There is no ¡ in font ptmr7t!
Missing character: There is no ¯ in font ptmr7t!
Missing character: There is no ¡ in font ptmr7t!
Missing character: There is no ¯ in font ptmr7t!
Missing character: There is no ¡ in font ptmr7t!
Missing character: There is no ¯ in font ptmr7t!
Missing character: There is no ¡ in font ptmr7t!
Missing character: There is no ° in font ptmr7t!
Missing character: There is no ¡ in font ptmr7t!
Missing character: There is no ± in font ptmr7t!
Missing character: There is no ¡ in font ptmr7t!
Missing character: There is no ° in font ptmr7t!
Missing character: There is no ¡ in font ptmr7t!
Missing character: There is no ± in font ptmr7t!
Missing character: There is no ¡ in font ptmr7t!
Missing character: There is no ° in font ptmr7t!
Missing character: There is no ¡ in font ptmr7t!
Missing character: There is no ± in font ptmr7t!
Missing character: There is no ¡ in font ptmr7t!
Missing character: There is no ° in font ptmr7t!
Missing character: There is no ¡ in font ptmr7t!
Missing character: There is no ± in font ptmr7t!
Missing character: There is no ¡ in font ptmr7t!
Missing character: There is no ¯ in font ptmr7t!
 [4 <./overlayExa.pdf> <./userCSP_Arch.pdf>])
(./implementation.tex <UserCSP-ui.jpg, id=56, 626.34pt x 760.8425pt>
File: UserCSP-ui.jpg Graphic file (type jpg)

<use UserCSP-ui.jpg> [5 <./UserCSP-ui.jpg>]
Overfull \hbox (10.24501pt too wide) in paragraph at lines 49--65
\OT1/pcr/m/n/10 Infer-CSP, default-src, script-src, object-src, image-src, medi
a-src, style-src,
 []

) (./evaluation.tex <before-csp23.jpg, id=60, 1174.3875pt x 688.5725pt>
File: before-csp23.jpg Graphic file (type jpg)

<use before-csp23.jpg> <after-csp23.jpg, id=61, 1425.325pt x 836.12375pt>
File: after-csp23.jpg Graphic file (type jpg)

<use after-csp23.jpg> [6]) (./related.tex
Missing character: There is no â in font ptmr7t!
Missing character: There is no € in font ptmr7t!
Missing character: There is no ™ in font ptmr7t!
 [7 <./before-csp23.jpg> <./after-csp23.jpg>]) (./conclusion.tex) (./paper.bbl)
 (./appendix.tex [8]
Overfull \hbox (11.71024pt too wide) in paragraph at lines 9--11
 \OT1/ptm/b/n/10 In-ferred CSP pol-icy for www.facebook.com[] \OT1/ptm/m/n/10 F
ig-ure 8[] shows an in-ferred CSP pol-icy by UserCSP for $\OT1/pcr/m/n/10 www .
 facebook .
 []

) [9] (./paper.aux) ) 
Here is how much of TeX's memory you used:
 3576 strings out of 495061
 48354 string characters out of 1182621
 115381 words of memory out of 3000000
 6673 multiletter control sequences out of 15000+50000
 23719 words of font info for 46 fonts, out of 3000000 for 9000
 28 hyphenation exceptions out of 8191
 29i,9n,32p,591b,288s stack positions out of 5000i,500n,10000p,200000b,50000s
{/usr/share/texmf-texlive/fonts/enc/dvips/base/8r.enc}</us
r/share/texmf-texlive/fonts/type1/public/amsfonts/cm/cmmi10.pfb></usr/share/tex
mf-texlive/fonts/type1/public/amsfonts/cm/cmmi7.pfb></usr/share/texmf-texlive/f
onts/type1/public/amsfonts/cm/cmmi9.pfb></usr/share/texmf-texlive/fonts/type1/p
ublic/amsfonts/cm/cmr6.pfb></usr/share/texmf-texlive/fonts/type1/urw/courier/uc
rr8a.pfb></usr/share/texmf-texlive/fonts/type1/urw/times/utmb8a.pfb></usr/share
/texmf-texlive/fonts/type1/urw/times/utmr8a.pfb></usr/share/texmf-texlive/fonts
/type1/urw/times/utmri8a.pfb>
Output written on paper.pdf (9 pages, 1563805 bytes).
PDF statistics:
 102 PDF objects out of 1000 (max. 8388607)
 0 named destinations out of 1000 (max. 500000)
 31 words of extra memory for PDF output out of 10000 (max. 10000000)

